{"C:\\ChihiroGame\\weather-retrieval-api\\src\\application\\GetWeatherByCityUseCase.ts": {"path":"C:\\ChihiroGame\\weather-retrieval-api\\src\\application\\GetWeatherByCityUseCase.ts","statementMap":{"0":{"start":{"line":9,"column":8},"end":{"line":9,"column":null}},"1":{"start":{"line":13,"column":8},"end":{"line":13,"column":null}},"2":{"start":{"line":4,"column":0},"end":{"line":4,"column":13}}},"fnMap":{"0":{"name":"(anonymous_7)","decl":{"start":{"line":8,"column":4},"end":{"line":8,"column":16}},"loc":{"start":{"line":8,"column":46},"end":{"line":10,"column":5}}},"1":{"name":"(anonymous_8)","decl":{"start":{"line":12,"column":10},"end":{"line":12,"column":17}},"loc":{"start":{"line":12,"column":42},"end":{"line":14,"column":null}}}},"branchMap":{},"s":{"0":0,"1":0,"2":0},"f":{"0":0,"1":0},"b":{}}
,"C:\\ChihiroGame\\weather-retrieval-api\\src\\config\\appSetup.ts": {"path":"C:\\ChihiroGame\\weather-retrieval-api\\src\\config\\appSetup.ts","statementMap":{"0":{"start":{"line":1,"column":0},"end":{"line":1,"column":35}},"1":{"start":{"line":4,"column":12},"end":{"line":4,"column":21}},"2":{"start":{"line":6,"column":0},"end":{"line":6,"column":null}},"3":{"start":{"line":8,"column":0},"end":{"line":10,"column":null}},"4":{"start":{"line":9,"column":4},"end":{"line":9,"column":null}},"5":{"start":{"line":12,"column":0},"end":{"line":12,"column":19}}},"fnMap":{"0":{"name":"(anonymous_0)","decl":{"start":{"line":8,"column":13},"end":{"line":8,"column":14}},"loc":{"start":{"line":8,"column":45},"end":{"line":10,"column":1}}}},"branchMap":{},"s":{"0":0,"1":0,"2":0,"3":0,"4":0,"5":0},"f":{"0":0},"b":{}}
,"C:\\ChihiroGame\\weather-retrieval-api\\src\\config\\config.ts": {"path":"C:\\ChihiroGame\\weather-retrieval-api\\src\\config\\config.ts","statementMap":{"0":{"start":{"line":2,"column":13},"end":{"line":4,"column":null}}},"fnMap":{},"branchMap":{"0":{"loc":{"start":{"line":3,"column":26},"end":{"line":3,"column":100}},"type":"binary-expr","locations":[{"start":{"line":3,"column":26},"end":{"line":3,"column":62}},{"start":{"line":3,"column":66},"end":{"line":3,"column":100}}]}},"s":{"0":0},"f":{},"b":{"0":[0,0]}}
,"C:\\ChihiroGame\\weather-retrieval-api\\src\\config\\serverSetup.ts": {"path":"C:\\ChihiroGame\\weather-retrieval-api\\src\\config\\serverSetup.ts","statementMap":{"0":{"start":{"line":1,"column":0},"end":{"line":1,"column":35}},"1":{"start":{"line":2,"column":0},"end":{"line":2,"column":75}},"2":{"start":{"line":3,"column":0},"end":{"line":3,"column":67}},"3":{"start":{"line":4,"column":0},"end":{"line":4,"column":84}},"4":{"start":{"line":6,"column":12},"end":{"line":6,"column":21}},"5":{"start":{"line":7,"column":13},"end":{"line":7,"column":17}},"6":{"start":{"line":8,"column":15},"end":{"line":8,"column":55}},"7":{"start":{"line":10,"column":25},"end":{"line":10,"column":60}},"8":{"start":{"line":11,"column":23},"end":{"line":11,"column":59}},"9":{"start":{"line":12,"column":26},"end":{"line":12,"column":63}},"10":{"start":{"line":14,"column":0},"end":{"line":14,"column":null}},"11":{"start":{"line":16,"column":0},"end":{"line":18,"column":null}},"12":{"start":{"line":17,"column":4},"end":{"line":17,"column":null}},"13":{"start":{"line":20,"column":0},"end":{"line":20,"column":null}},"14":{"start":{"line":20,"column":38},"end":{"line":20,"column":76}},"15":{"start":{"line":22,"column":0},"end":{"line":24,"column":null}},"16":{"start":{"line":23,"column":4},"end":{"line":23,"column":null}}},"fnMap":{"0":{"name":"(anonymous_0)","decl":{"start":{"line":16,"column":13},"end":{"line":16,"column":14}},"loc":{"start":{"line":16,"column":26},"end":{"line":18,"column":1}}},"1":{"name":"(anonymous_1)","decl":{"start":{"line":20,"column":24},"end":{"line":20,"column":25}},"loc":{"start":{"line":20,"column":38},"end":{"line":20,"column":76}}},"2":{"name":"(anonymous_2)","decl":{"start":{"line":22,"column":17},"end":{"line":22,"column":20}},"loc":{"start":{"line":22,"column":22},"end":{"line":24,"column":1}}}},"branchMap":{"0":{"loc":{"start":{"line":8,"column":15},"end":{"line":8,"column":55}},"type":"binary-expr","locations":[{"start":{"line":8,"column":15},"end":{"line":8,"column":49}},{"start":{"line":8,"column":53},"end":{"line":8,"column":55}}]}},"s":{"0":0,"1":0,"2":0,"3":0,"4":0,"5":0,"6":0,"7":0,"8":0,"9":0,"10":0,"11":0,"12":0,"13":0,"14":0,"15":0,"16":0},"f":{"0":0,"1":0,"2":0},"b":{"0":[0,0]}}
,"C:\\ChihiroGame\\weather-retrieval-api\\src\\domain\\models\\Weather.ts": {"path":"C:\\ChihiroGame\\weather-retrieval-api\\src\\domain\\models\\Weather.ts","statementMap":{"0":{"start":{"line":4,"column":15},"end":{"line":4,"column":27}},"1":{"start":{"line":5,"column":15},"end":{"line":5,"column":34}},"2":{"start":{"line":6,"column":15},"end":{"line":6,"column":34}},"3":{"start":{"line":7,"column":15},"end":{"line":7,"column":33}},"4":{"start":{"line":8,"column":15},"end":{"line":8,"column":31}},"5":{"start":{"line":9,"column":15},"end":{"line":9,"column":31}},"6":{"start":{"line":10,"column":15},"end":{"line":10,"column":31}},"7":{"start":{"line":1,"column":0},"end":{"line":1,"column":13}}},"fnMap":{"0":{"name":"(anonymous_0)","decl":{"start":{"line":3,"column":4},"end":{"line":3,"column":null}},"loc":{"start":{"line":10,"column":31},"end":{"line":11,"column":9}}}},"branchMap":{},"s":{"0":3,"1":3,"2":3,"3":3,"4":3,"5":3,"6":3,"7":4},"f":{"0":3},"b":{}}
,"C:\\ChihiroGame\\weather-retrieval-api\\src\\domain\\services\\WeatherService.ts": {"path":"C:\\ChihiroGame\\weather-retrieval-api\\src\\domain\\services\\WeatherService.ts","statementMap":{"0":{"start":{"line":9,"column":8},"end":{"line":9,"column":null}},"1":{"start":{"line":15,"column":8},"end":{"line":15,"column":null}},"2":{"start":{"line":4,"column":0},"end":{"line":4,"column":13}}},"fnMap":{"0":{"name":"(anonymous_7)","decl":{"start":{"line":8,"column":4},"end":{"line":8,"column":16}},"loc":{"start":{"line":8,"column":57},"end":{"line":10,"column":5}}},"1":{"name":"(anonymous_8)","decl":{"start":{"line":12,"column":17},"end":{"line":12,"column":37}},"loc":{"start":{"line":12,"column":62},"end":{"line":16,"column":null}}}},"branchMap":{},"s":{"0":2,"1":2,"2":1},"f":{"0":2,"1":2},"b":{}}
,"C:\\ChihiroGame\\weather-retrieval-api\\src\\infrastructure\\OpenWeatherMapApiClient.ts": {"path":"C:\\ChihiroGame\\weather-retrieval-api\\src\\infrastructure\\OpenWeatherMapApiClient.ts","statementMap":{"0":{"start":{"line":1,"column":0},"end":{"line":1,"column":26}},"1":{"start":{"line":2,"column":0},"end":{"line":2,"column":51}},"2":{"start":{"line":3,"column":0},"end":{"line":3,"column":32}},"3":{"start":{"line":5,"column":0},"end":{"line":5,"column":null}},"4":{"start":{"line":11,"column":8},"end":{"line":11,"column":null}},"5":{"start":{"line":15,"column":8},"end":{"line":38,"column":9}},"6":{"start":{"line":16,"column":29},"end":{"line":23,"column":14}},"7":{"start":{"line":25,"column":25},"end":{"line":25,"column":38}},"8":{"start":{"line":27,"column":25},"end":{"line":27,"column":45}},"9":{"start":{"line":28,"column":32},"end":{"line":28,"column":59}},"10":{"start":{"line":29,"column":32},"end":{"line":29,"column":46}},"11":{"start":{"line":30,"column":31},"end":{"line":30,"column":51}},"12":{"start":{"line":31,"column":29},"end":{"line":31,"column":47}},"13":{"start":{"line":32,"column":29},"end":{"line":32,"column":47}},"14":{"start":{"line":33,"column":29},"end":{"line":33,"column":47}},"15":{"start":{"line":35,"column":12},"end":{"line":35,"column":null}},"16":{"start":{"line":37,"column":12},"end":{"line":37,"column":null}},"17":{"start":{"line":6,"column":0},"end":{"line":6,"column":13}}},"fnMap":{"0":{"name":"(anonymous_7)","decl":{"start":{"line":10,"column":4},"end":{"line":10,"column":16}},"loc":{"start":{"line":10,"column":30},"end":{"line":12,"column":5}}},"1":{"name":"(anonymous_8)","decl":{"start":{"line":14,"column":10},"end":{"line":14,"column":20}},"loc":{"start":{"line":14,"column":45},"end":{"line":39,"column":null}}}},"branchMap":{},"s":{"0":2,"1":2,"2":2,"3":2,"4":1,"5":2,"6":2,"7":1,"8":1,"9":1,"10":1,"11":1,"12":1,"13":1,"14":1,"15":1,"16":1,"17":2},"f":{"0":1,"1":2},"b":{}}
,"C:\\ChihiroGame\\weather-retrieval-api\\src\\interface\\controllers\\WeatherController.ts": {"path":"C:\\ChihiroGame\\weather-retrieval-api\\src\\interface\\controllers\\WeatherController.ts","statementMap":{"0":{"start":{"line":3,"column":0},"end":{"line":3,"column":84}},"1":{"start":{"line":9,"column":8},"end":{"line":9,"column":null}},"2":{"start":{"line":13,"column":20},"end":{"line":13,"column":55}},"3":{"start":{"line":14,"column":20},"end":{"line":14,"column":55}},"4":{"start":{"line":16,"column":8},"end":{"line":19,"column":9}},"5":{"start":{"line":17,"column":12},"end":{"line":17,"column":90}},"6":{"start":{"line":18,"column":12},"end":{"line":18,"column":19}},"7":{"start":{"line":21,"column":24},"end":{"line":21,"column":72}},"8":{"start":{"line":23,"column":8},"end":{"line":29,"column":9}},"9":{"start":{"line":24,"column":28},"end":{"line":24,"column":59}},"10":{"start":{"line":25,"column":12},"end":{"line":25,"column":null}},"11":{"start":{"line":27,"column":33},"end":{"line":27,"column":102}},"12":{"start":{"line":28,"column":12},"end":{"line":28,"column":58}},"13":{"start":{"line":33,"column":8},"end":{"line":33,"column":42}},"14":{"start":{"line":37,"column":0},"end":{"line":37,"column":33}}},"fnMap":{"0":{"name":"(anonymous_7)","decl":{"start":{"line":8,"column":4},"end":{"line":8,"column":16}},"loc":{"start":{"line":8,"column":46},"end":{"line":10,"column":5}}},"1":{"name":"(anonymous_8)","decl":{"start":{"line":12,"column":10},"end":{"line":12,"column":20}},"loc":{"start":{"line":12,"column":48},"end":{"line":30,"column":null}}},"2":{"name":"(anonymous_10)","decl":{"start":{"line":32,"column":12},"end":{"line":32,"column":30}},"loc":{"start":{"line":32,"column":55},"end":{"line":34,"column":5}}}},"branchMap":{"0":{"loc":{"start":{"line":16,"column":8},"end":{"line":19,"column":9}},"type":"if","locations":[{"start":{"line":16,"column":8},"end":{"line":19,"column":9}}]},"1":{"loc":{"start":{"line":27,"column":33},"end":{"line":27,"column":102}},"type":"cond-expr","locations":[{"start":{"line":27,"column":58},"end":{"line":27,"column":71}},{"start":{"line":27,"column":74},"end":{"line":27,"column":102}}]},"2":{"loc":{"start":{"line":33,"column":15},"end":{"line":33,"column":41}},"type":"binary-expr","locations":[{"start":{"line":33,"column":15},"end":{"line":33,"column":26}},{"start":{"line":33,"column":30},"end":{"line":33,"column":41}}]}},"s":{"0":0,"1":0,"2":0,"3":0,"4":0,"5":0,"6":0,"7":0,"8":0,"9":0,"10":0,"11":0,"12":0,"13":0,"14":0},"f":{"0":0,"1":0,"2":0},"b":{"0":[0],"1":[0,0],"2":[0,0]}}
}
